# JRE version: Java(TM) SE Runtime Environment (7.0_71-b14) (build 1.7.0_71-b14)
# Java VM: Java HotSpot(TM) Client VM (24.71-b01 mixed mode, sharing windows-x86 )
Heap
 def new generation   total 52544K, used 52544K [0x25000000, 0x28900000, 0x2a550000)
  eden space 46720K, 100% used [0x25000000, 0x27da0000, 0x27da0000)
  from space 5824K, 100% used [0x28350000, 0x28900000, 0x28900000)
  to   space 5824K,   0% used [0x27da0000, 0x27da0000, 0x28350000)
 tenured generation   total 121684K, used 121602K [0x2a550000, 0x31c25000, 0x35000000)
   the space 121684K,  99% used [0x2a550000, 0x31c10b40, 0x31c10c00, 0x31c25000)
 compacting perm gen  total 12288K, used 1794K [0x35000000, 0x35c00000, 0x39000000)
   the space 12288K,  14% used [0x35000000, 0x351c0a40, 0x351c0c00, 0x35c00000)
    ro space 10240K,  44% used [0x39000000, 0x3947aee0, 0x3947b000, 0x39a00000)
    rw space 12288K,  52% used [0x39a00000, 0x3a042e10, 0x3a043000, 0x3a600000)
GC Heap History (10 events):
Event: 14.799 GC heap after
Heap after GC invocations=50 (full 7):
 def new generation   total 44864K, used 4282K [0x25000000, 0x280a0000, 0x2a550000)
  eden space 39936K,  10% used [0x25000000, 0x2542e870, 0x27700000)
  from space 4928K,   0% used [0x27700000, 0x27700000, 0x27bd0000)
  to   space 4928K,   0% used [0x27bd0000, 0x27bd0000, 0x280a0000)
 tenured generation   total 99516K, used 99515K [0x2a550000, 0x3067f000, 0x35000000)
   the space 99516K,  99% used [0x2a550000, 0x3067eff8, 0x3067f000, 0x3067f000)
 compacting perm gen  total 12288K, used 1794K [0x35000000, 0x35c00000, 0x39000000)
   the space 12288K,  14% used [0x35000000, 0x351c0b20, 0x351c0c00, 0x35c00000)
    ro space 10240K,  44% used [0x39000000, 0x3947aee0, 0x3947b000, 0x39a00000)
    rw space 12288K,  52% used [0x39a00000, 0x3a042e10, 0x3a043000, 0x3a600000)
}
Event: 15.025 GC heap before
{Heap before GC invocations=50 (full 7):
 def new generation   total 44864K, used 39936K [0x25000000, 0x280a0000, 0x2a550000)
  eden space 39936K, 100% used [0x25000000, 0x27700000, 0x27700000)
  from space 4928K,   0% used [0x27700000, 0x27700000, 0x27bd0000)
  to   space 4928K,   0% used [0x27bd0000, 0x27bd0000, 0x280a0000)
 tenured generation   total 99516K, used 99515K [0x2a550000, 0x3067f000, 0x35000000)
   the space 99516K,  99% used [0x2a550000, 0x3067eff8, 0x3067f000, 0x3067f000)
 compacting perm gen  total 12288K, used 1794K [0x35000000, 0x35c00000, 0x39000000)
   the space 12288K,  14% used [0x35000000, 0x351c0b20, 0x351c0c00, 0x35c00000)
    ro space 10240K,  44% used [0x39000000, 0x3947aee0, 0x3947b000, 0x39a00000)
    rw space 12288K,  52% used [0x39a00000, 0x3a042e10, 0x3a043000, 0x3a600000)
Event: 15.554 GC heap after
Heap after GC invocations=51 (full 8):
 def new generation   total 46848K, used 1480K [0x25000000, 0x282d0000, 0x2a550000)
  eden space 41664K,   3% used [0x25000000, 0x25172040, 0x278b0000)
  from space 5184K,   0% used [0x278b0000, 0x278b0000, 0x27dc0000)
  to   space 5184K,   0% used [0x27dc0000, 0x27dc0000, 0x282d0000)
 tenured generation   total 103996K, used 103995K [0x2a550000, 0x30adf000, 0x35000000)
   the space 103996K,  99% used [0x2a550000, 0x30adeff8, 0x30adf000, 0x30adf000)
 compacting perm gen  total 12288K, used 1794K [0x35000000, 0x35c00000, 0x39000000)
   the space 12288K,  14% used [0x35000000, 0x351c0a00, 0x351c0a00, 0x35c00000)
    ro space 10240K,  44% used [0x39000000, 0x3947aee0, 0x3947b000, 0x39a00000)
    rw space 12288K,  52% used [0x39a00000, 0x3a042e10, 0x3a043000, 0x3a600000)
}
Event: 15.779 GC heap before
{Heap before GC invocations=51 (full 8):
 def new generation   total 46848K, used 41664K [0x25000000, 0x282d0000, 0x2a550000)
  eden space 41664K, 100% used [0x25000000, 0x278b0000, 0x278b0000)
  from space 5184K,   0% used [0x278b0000, 0x278b0000, 0x27dc0000)
  to   space 5184K,   0% used [0x27dc0000, 0x27dc0000, 0x282d0000)
 tenured generation   total 103996K, used 103995K [0x2a550000, 0x30adf000, 0x35000000)
   the space 103996K,  99% used [0x2a550000, 0x30adeff8, 0x30adf000, 0x30adf000)
 compacting perm gen  total 12288K, used 1794K [0x35000000, 0x35c00000, 0x39000000)
   the space 12288K,  14% used [0x35000000, 0x351c0a30, 0x351c0c00, 0x35c00000)
    ro space 10240K,  44% used [0x39000000, 0x3947aee0, 0x3947b000, 0x39a00000)
    rw space 12288K,  52% used [0x39a00000, 0x3a042e10, 0x3a043000, 0x3a600000)
Event: 16.257 GC heap after
Heap after GC invocations=52 (full 9):
 def new generation   total 47808K, used 5132K [0x25000000, 0x283e0000, 0x2a550000)
  eden space 42496K,  12% used [0x25000000, 0x25503020, 0x27980000)
  from space 5312K,   0% used [0x27980000, 0x27980000, 0x27eb0000)
  to   space 5312K,   0% used [0x27eb0000, 0x27eb0000, 0x283e0000)
 tenured generation   total 106172K, used 106171K [0x2a550000, 0x30cff000, 0x35000000)
   the space 106172K,  99% used [0x2a550000, 0x30cfeff8, 0x30cff000, 0x30cff000)
 compacting perm gen  total 12288K, used 1794K [0x35000000, 0x35c00000, 0x39000000)
   the space 12288K,  14% used [0x35000000, 0x351c0a30, 0x351c0c00, 0x35c00000)
    ro space 10240K,  44% used [0x39000000, 0x3947aee0, 0x3947b000, 0x39a00000)
    rw space 12288K,  52% used [0x39a00000, 0x3a042e10, 0x3a043000, 0x3a600000)
}
Event: 16.386 GC heap before
{Heap before GC invocations=52 (full 9):
 def new generation   total 47808K, used 42496K [0x25000000, 0x283e0000, 0x2a550000)
  eden space 42496K, 100% used [0x25000000, 0x27980000, 0x27980000)
  from space 5312K,   0% used [0x27980000, 0x27980000, 0x27eb0000)
  to   space 5312K,   0% used [0x27eb0000, 0x27eb0000, 0x283e0000)
 tenured generation   total 106172K, used 106171K [0x2a550000, 0x30cff000, 0x35000000)
   the space 106172K,  99% used [0x2a550000, 0x30cfeff8, 0x30cff000, 0x30cff000)
 compacting perm gen  total 12288K, used 1794K [0x35000000, 0x35c00000, 0x39000000)
   the space 12288K,  14% used [0x35000000, 0x351c0a40, 0x351c0c00, 0x35c00000)
    ro space 10240K,  44% used [0x39000000, 0x3947aee0, 0x3947b000, 0x39a00000)
    rw space 12288K,  52% used [0x39a00000, 0x3a042e10, 0x3a043000, 0x3a600000)
Event: 16.903 GC heap after
Heap after GC invocations=53 (full 10):
 def new generation   total 50112K, used 5078K [0x25000000, 0x28660000, 0x2a550000)
  eden space 44544K,  11% used [0x25000000, 0x254f5890, 0x27b80000)
  from space 5568K,   0% used [0x27b80000, 0x27b80000, 0x280f0000)
  to   space 5568K,   0% used [0x280f0000, 0x280f0000, 0x28660000)
 tenured generation   total 111292K, used 111292K [0x2a550000, 0x311ff000, 0x35000000)
   the space 111292K, 100% used [0x2a550000, 0x311ff000, 0x311ff000, 0x311ff000)
 compacting perm gen  total 12288K, used 1794K [0x35000000, 0x35c00000, 0x39000000)
   the space 12288K,  14% used [0x35000000, 0x351c0a40, 0x351c0c00, 0x35c00000)
    ro space 10240K,  44% used [0x39000000, 0x3947aee0, 0x3947b000, 0x39a00000)
    rw space 12288K,  52% used [0x39a00000, 0x3a042e10, 0x3a043000, 0x3a600000)
}
Event: 17.046 GC heap before
{Heap before GC invocations=53 (full 10):
 def new generation   total 50112K, used 44544K [0x25000000, 0x28660000, 0x2a550000)
  eden space 44544K, 100% used [0x25000000, 0x27b80000, 0x27b80000)
  from space 5568K,   0% used [0x27b80000, 0x27b80000, 0x280f0000)
  to   space 5568K,   0% used [0x280f0000, 0x280f0000, 0x28660000)
 tenured generation   total 111292K, used 111292K [0x2a550000, 0x311ff000, 0x35000000)
   the space 111292K, 100% used [0x2a550000, 0x311ff000, 0x311ff000, 0x311ff000)
 compacting perm gen  total 12288K, used 1794K [0x35000000, 0x35c00000, 0x39000000)
   the space 12288K,  14% used [0x35000000, 0x351c0a40, 0x351c0c00, 0x35c00000)
    ro space 10240K,  44% used [0x39000000, 0x3947aee0, 0x3947b000, 0x39a00000)
    rw space 12288K,  52% used [0x39a00000, 0x3a042e10, 0x3a043000, 0x3a600000)
Event: 17.589 GC heap after
Heap after GC invocations=54 (full 11):
 def new generation   total 52544K, used 5459K [0x25000000, 0x28900000, 0x2a550000)
  eden space 46720K,  11% used [0x25000000, 0x25554ea8, 0x27da0000)
  from space 5824K,   0% used [0x27da0000, 0x27da0000, 0x28350000)
  to   space 5824K,   0% used [0x28350000, 0x28350000, 0x28900000)
 tenured generation   total 116668K, used 116621K [0x2a550000, 0x3173f000, 0x35000000)
   the space 116668K,  99% used [0x2a550000, 0x31733738, 0x31733800, 0x3173f000)
 compacting perm gen  total 12288K, used 1794K [0x35000000, 0x35c00000, 0x39000000)
   the space 12288K,  14% used [0x35000000, 0x351c0a40, 0x351c0c00, 0x35c00000)
    ro space 10240K,  44% used [0x39000000, 0x3947aee0, 0x3947b000, 0x39a00000)
    rw space 12288K,  52% used [0x39a00000, 0x3a042e10, 0x3a043000, 0x3a600000)
}
Event: 18.086 GC heap before
{Heap before GC invocations=54 (full 11):
 def new generation   total 52544K, used 46720K [0x25000000, 0x28900000, 0x2a550000)
  eden space 46720K, 100% used [0x25000000, 0x27da0000, 0x27da0000)
  from space 5824K,   0% used [0x27da0000, 0x27da0000, 0x28350000)
  to   space 5824K,   0% used [0x28350000, 0x28350000, 0x28900000)
 tenured generation   total 116668K, used 116621K [0x2a550000, 0x3173f000, 0x35000000)
   the space 116668K,  99% used [0x2a550000, 0x31733738, 0x31733800, 0x3173f000)
 compacting perm gen  total 12288K, used 1794K [0x35000000, 0x35c00000, 0x39000000)
   the space 12288K,  14% used [0x35000000, 0x351c0a40, 0x351c0c00, 0x35c00000)
    ro space 10240K,  44% used [0x39000000, 0x3947aee0, 0x3947b000, 0x39a00000)
    rw space 12288K,  52% used [0x39a00000, 0x3a042e10, 0x3a043000, 0x3a600000)

